# JRE version: OpenJDK Runtime Environment Temurin-21.0.10+7 (21.0.10+7) (build 21.0.10+7-LTS)
# Java VM: OpenJDK 64-Bit Server VM Temurin-21.0.10+7 (21.0.10+7-LTS, mixed mode, sharing, tiered, compressed oops, compressed class ptrs, g1 gc, windows-amd64)
GC Precious Log:
 CardTable entry size: 512
 Card Set container configuration: InlinePtr #cards 4 size 8 Array Of Cards #cards 16 size 48 Howl #buckets 8 coarsen threshold 3686 Howl Bitmap #cards 512 size 80 coarsen threshold 460 Card regions per heap region 1 cards per card region 4096
 CPUs: 16 total, 16 available
 Memory: 16202M
 Large Page Support: Disabled
 NUMA Support: Disabled
 Compressed Oops: Enabled (Zero based)
 Heap Region Size: 2M
 Heap Min Capacity: 8M
 Heap Initial Capacity: 254M
 Heap Max Capacity: 4052M
 Pre-touch: Disabled
 Parallel Workers: 13
 Concurrent Workers: 3
 Concurrent Refinement Workers: 13
 Periodic GC: Disabled
Heap:
 garbage-first heap   total 145408K, used 118499K [0x0000000702c00000, 0x0000000800000000)
  region size 2048K, 32 young (65536K), 4 survivors (8192K)
 Metaspace       used 56517K, committed 57344K, reserved 1114112K
  class space    used 6538K, committed 6912K, reserved 1048576K
GC Heap History (18 events):
Event: 0.383 GC heap before
{Heap before GC invocations=0 (full 0):
 garbage-first heap   total 260096K, used 24576K [0x0000000702c00000, 0x0000000800000000)
  region size 2048K, 11 young (22528K), 0 survivors (0K)
 Metaspace       used 6184K, committed 6336K, reserved 1114112K
  class space    used 611K, committed 704K, reserved 1048576K
}
Event: 0.386 GC heap after
{Heap after GC invocations=1 (full 0):
 garbage-first heap   total 260096K, used 7045K [0x0000000702c00000, 0x0000000800000000)
  region size 2048K, 2 young (4096K), 2 survivors (4096K)
 Metaspace       used 6184K, committed 6336K, reserved 1114112K
  class space    used 611K, committed 704K, reserved 1048576K
}
Event: 0.830 GC heap before
{Heap before GC invocations=1 (full 0):
 garbage-first heap   total 260096K, used 41861K [0x0000000702c00000, 0x0000000800000000)
  region size 2048K, 20 young (40960K), 2 survivors (4096K)
 Metaspace       used 16578K, committed 16832K, reserved 1114112K
  class space    used 1872K, committed 1984K, reserved 1048576K
}
Event: 0.834 GC heap after
{Heap after GC invocations=2 (full 0):
 garbage-first heap   total 260096K, used 9278K [0x0000000702c00000, 0x0000000800000000)
  region size 2048K, 3 young (6144K), 3 survivors (6144K)
 Metaspace       used 16578K, committed 16832K, reserved 1114112K
  class space    used 1872K, committed 1984K, reserved 1048576K
}
Event: 1.399 GC heap before
{Heap before GC invocations=2 (full 0):
 garbage-first heap   total 260096K, used 85054K [0x0000000702c00000, 0x0000000800000000)
  region size 2048K, 38 young (77824K), 3 survivors (6144K)
 Metaspace       used 21259K, committed 21504K, reserved 1114112K
  class space    used 2712K, committed 2816K, reserved 1048576K
}
Event: 1.415 GC heap after
{Heap after GC invocations=3 (full 0):
 garbage-first heap   total 260096K, used 25070K [0x0000000702c00000, 0x0000000800000000)
  region size 2048K, 10 young (20480K), 10 survivors (20480K)
 Metaspace       used 21259K, committed 21504K, reserved 1114112K
  class space    used 2712K, committed 2816K, reserved 1048576K
}
Event: 2.312 GC heap before
{Heap before GC invocations=4 (full 0):
 garbage-first heap   total 90112K, used 88558K [0x0000000702c00000, 0x0000000800000000)
  region size 2048K, 37 young (75776K), 10 survivors (20480K)
 Metaspace       used 30905K, committed 31232K, reserved 1114112K
  class space    used 3907K, committed 4032K, reserved 1048576K
}
Event: 2.331 GC heap after
{Heap after GC invocations=5 (full 0):
 garbage-first heap   total 120832K, used 42881K [0x0000000702c00000, 0x0000000800000000)
  region size 2048K, 5 young (10240K), 5 survivors (10240K)
 Metaspace       used 30905K, committed 31232K, reserved 1114112K
  class space    used 3907K, committed 4032K, reserved 1048576K
}
Event: 2.713 GC heap before
{Heap before GC invocations=5 (full 0):
 garbage-first heap   total 120832K, used 71553K [0x0000000702c00000, 0x0000000800000000)
  region size 2048K, 20 young (40960K), 5 survivors (10240K)
 Metaspace       used 35166K, committed 35968K, reserved 1114112K
  class space    used 4438K, committed 4800K, reserved 1048576K
}
Event: 2.720 GC heap after
{Heap after GC invocations=6 (full 0):
 garbage-first heap   total 120832K, used 46136K [0x0000000702c00000, 0x0000000800000000)
  region size 2048K, 2 young (4096K), 2 survivors (4096K)
 Metaspace       used 35166K, committed 35968K, reserved 1114112K
  class space    used 4438K, committed 4800K, reserved 1048576K
}
Event: 2.749 GC heap before
{Heap before GC invocations=6 (full 0):
 garbage-first heap   total 120832K, used 48184K [0x0000000702c00000, 0x0000000800000000)
  region size 2048K, 4 young (8192K), 2 survivors (4096K)
 Metaspace       used 35505K, committed 36288K, reserved 1114112K
  class space    used 4471K, committed 4864K, reserved 1048576K
}
Event: 2.753 GC heap after
{Heap after GC invocations=7 (full 0):
 garbage-first heap   total 120832K, used 45776K [0x0000000702c00000, 0x0000000800000000)
  region size 2048K, 2 young (4096K), 2 survivors (4096K)
 Metaspace       used 35505K, committed 36288K, reserved 1114112K
  class space    used 4471K, committed 4864K, reserved 1048576K
}
Event: 3.691 GC heap before
{Heap before GC invocations=8 (full 0):
 garbage-first heap   total 120832K, used 94928K [0x0000000702c00000, 0x0000000800000000)
  region size 2048K, 27 young (55296K), 2 survivors (4096K)
 Metaspace       used 41396K, committed 42176K, reserved 1114112K
  class space    used 5134K, committed 5504K, reserved 1048576K
}
Event: 3.703 GC heap after
{Heap after GC invocations=9 (full 0):
 garbage-first heap   total 120832K, used 50183K [0x0000000702c00000, 0x0000000800000000)
  region size 2048K, 4 young (8192K), 4 survivors (8192K)
 Metaspace       used 41396K, committed 42176K, reserved 1114112K
  class space    used 5134K, committed 5504K, reserved 1048576K
}
Event: 5.518 GC heap before
{Heap before GC invocations=9 (full 0):
 garbage-first heap   total 120832K, used 99335K [0x0000000702c00000, 0x0000000800000000)
  region size 2048K, 28 young (57344K), 4 survivors (8192K)
 Metaspace       used 48851K, committed 49664K, reserved 1114112K
  class space    used 5958K, committed 6336K, reserved 1048576K
}
Event: 5.542 GC heap after
{Heap after GC invocations=10 (full 0):
 garbage-first heap   total 145408K, used 55400K [0x0000000702c00000, 0x0000000800000000)
  region size 2048K, 4 young (8192K), 4 survivors (8192K)
 Metaspace       used 48851K, committed 49664K, reserved 1114112K
  class space    used 5958K, committed 6336K, reserved 1048576K
}
Event: 9.507 GC heap before
{Heap before GC invocations=10 (full 0):
 garbage-first heap   total 145408K, used 118888K [0x0000000702c00000, 0x0000000800000000)
  region size 2048K, 35 young (71680K), 4 survivors (8192K)
 Metaspace       used 54775K, committed 55616K, reserved 1114112K
  class space    used 6477K, committed 6848K, reserved 1048576K
}
Event: 9.528 GC heap after
{Heap after GC invocations=11 (full 0):
 garbage-first heap   total 145408K, used 63203K [0x0000000702c00000, 0x0000000800000000)
  region size 2048K, 4 young (8192K), 4 survivors (8192K)
 Metaspace       used 54775K, committed 55616K, reserved 1114112K
  class space    used 6477K, committed 6848K, reserved 1048576K
}

